<?xml version="1.0" encoding="UTF-8"?>
<!-- Generated by org.testng.reporters.JUnitXMLReporter -->
<testsuite hostname="selenium-PC" ignored="0" name="Test1" tests="3" failures="3" timestamp="14 Jan 2019 02:39:28 GMT" time="38.418" errors="0">
  <testcase name="loginTest" time="23.303" classname="com.pol.zoho.testcases.LoginTest">
    <failure type="java.lang.AssertionError" message="failing the login test">
      <![CDATA[java.lang.AssertionError: failing the login test
at com.pol.zoho.testcases.LoginTest.loginTest(LoginTest.java)
at java.util.concurrent.FutureTask.run(FutureTask.java:266)
at java.util.concurrent.Executors$RunnableAdapter.call(Executors.java:511)
at java.util.concurrent.FutureTask.run(FutureTask.java:266)
at java.util.concurrent.ThreadPoolExecutor.runWorker(ThreadPoolExecutor.java:1142)
at java.util.concurrent.ThreadPoolExecutor$Worker.run(ThreadPoolExecutor.java:617)
at java.lang.Thread.run(Thread.java:745)
... Removed 10 stack frames]]>
    </failure>
  </testcase> <!-- loginTest -->
  <testcase name="loginTest" time="23.887" classname="com.pol.zoho.testcases.LoginTest">
    <failure type="java.lang.AssertionError" message="failing the login test">
      <![CDATA[java.lang.AssertionError: failing the login test
at com.pol.zoho.testcases.LoginTest.loginTest(LoginTest.java)
at java.util.concurrent.FutureTask.run(FutureTask.java:266)
at java.util.concurrent.Executors$RunnableAdapter.call(Executors.java:511)
at java.util.concurrent.FutureTask.run(FutureTask.java:266)
at java.util.concurrent.ThreadPoolExecutor.runWorker(ThreadPoolExecutor.java:1142)
at java.util.concurrent.ThreadPoolExecutor$Worker.run(ThreadPoolExecutor.java:617)
at java.lang.Thread.run(Thread.java:745)
... Removed 10 stack frames]]>
    </failure>
  </testcase> <!-- loginTest -->
  <testcase name="loginTest" time="37.263" classname="com.pol.zoho.testcases.LoginTest">
    <failure type="java.lang.AssertionError" message="failing the login test">
      <![CDATA[java.lang.AssertionError: failing the login test
at com.pol.zoho.testcases.LoginTest.loginTest(LoginTest.java)
at java.util.concurrent.FutureTask.run(FutureTask.java:266)
at java.util.concurrent.Executors$RunnableAdapter.call(Executors.java:511)
at java.util.concurrent.FutureTask.run(FutureTask.java:266)
at java.util.concurrent.ThreadPoolExecutor.runWorker(ThreadPoolExecutor.java:1142)
at java.util.concurrent.ThreadPoolExecutor$Worker.run(ThreadPoolExecutor.java:617)
at java.lang.Thread.run(Thread.java:745)
... Removed 10 stack frames]]>
    </failure>
  </testcase> <!-- loginTest -->
</testsuite> <!-- Test1 -->
