<?xml version="1.0" encoding="UTF-8"?>
<!-- Generated by org.testng.reporters.JUnitXMLReporter -->
<testsuite hostname="selenium-PC" ignored="0" name="Test1" tests="3" failures="0" timestamp="13 Jan 2019 05:13:37 GMT" time="0.828" errors="0">
  <testcase name="loginTest" time="0.125" classname="com.pol.zoho.testcases.LoginTest">
    <skipped/>
  </testcase> <!-- loginTest -->
  <testcase name="loginTest" time="0.14" classname="com.pol.zoho.testcases.LoginTest">
    <skipped/>
  </testcase> <!-- loginTest -->
  <testcase name="loginTest" time="0.156" classname="com.pol.zoho.testcases.LoginTest">
    <skipped/>
  </testcase> <!-- loginTest -->
</testsuite> <!-- Test1 -->
