<?xml version="1.0" encoding="UTF-8"?>
<!-- Generated by org.testng.reporters.JUnitXMLReporter -->
<testsuite hostname="DESKTOP-I2FKUVF" ignored="0" name="Default test" tests="3" failures="0" timestamp="22 Oct 2018 05:11:35 GMT" time="0.795" errors="0">
  <testcase name="addCustomerTest" time="0.015" classname="com.dd.suite.bankmanager.testcases.OpenAccountTest"/>
  <testcase name="addCustomerTest" time="0.007" classname="com.dd.suite.bankmanager.testcases.OpenAccountTest"/>
  <testcase name="addCustomerTest" time="0.01" classname="com.dd.suite.bankmanager.testcases.OpenAccountTest"/>
</testsuite> <!-- Default test -->
