<?xml version="1.0" encoding="UTF-8"?>
<testng-results skipped="0" failed="0" ignored="0" total="1" passed="1">
  <reporter-output>
  </reporter-output>
  <suite name="Suite" duration-ms="45943" started-at="2019-01-05T16:13:06Z" finished-at="2019-01-05T16:13:52Z">
    <groups>
      <group name="cucumber">
        <method signature="AbstractTestNGCucumberTests.runScenario(cucumber.api.testng.PickleEventWrapper, cucumber.api.testng.CucumberFeatureWrapper)[pri:0, instance:runner.RunCuke@192d3247]" name="runScenario" class="cucumber.api.testng.AbstractTestNGCucumberTests"/>
      </group> <!-- cucumber -->
    </groups>
    <test name="Test" duration-ms="45943" started-at="2019-01-05T16:13:06Z" finished-at="2019-01-05T16:13:52Z">
      <class name="runner.RunCuke">
        <test-method status="PASS" signature="setUpClass()[pri:0, instance:runner.RunCuke@192d3247]" name="setUpClass" is-config="true" duration-ms="152" started-at="2019-01-05T16:13:06Z" finished-at="2019-01-05T16:13:07Z">
          <reporter-output>
          </reporter-output>
        </test-method> <!-- setUpClass -->
        <test-method status="PASS" signature="setup()[pri:0, instance:runner.RunCuke@192d3247]" name="setup" is-config="true" duration-ms="0" started-at="2019-01-05T16:13:07Z" finished-at="2019-01-05T16:13:07Z">
          <reporter-output>
          </reporter-output>
        </test-method> <!-- setup -->
        <test-method status="PASS" signature="runScenario(cucumber.api.testng.PickleEventWrapper, cucumber.api.testng.CucumberFeatureWrapper)[pri:0, instance:runner.RunCuke@192d3247]" name="runScenario" duration-ms="45697" started-at="2019-01-05T16:13:07Z" description="Runs Cucumber Scenarios" data-provider="scenarios" finished-at="2019-01-05T16:13:52Z">
          <params>
            <param index="0">
              <value>
                <![CDATA["Validate Search Cars Page"]]>
              </value>
            </param>
            <param index="1">
              <value>
                <![CDATA["Acceptance testing to validate search cars page is working"]]>
              </value>
            </param>
          </params>
          <reporter-output>
          </reporter-output>
        </test-method> <!-- runScenario -->
        <test-method status="PASS" signature="tearDownClass()[pri:0, instance:runner.RunCuke@192d3247]" name="tearDownClass" is-config="true" duration-ms="4" started-at="2019-01-05T16:13:52Z" finished-at="2019-01-05T16:13:52Z">
          <reporter-output>
          </reporter-output>
        </test-method> <!-- tearDownClass -->
      </class> <!-- runner.RunCuke -->
    </test> <!-- Test -->
  </suite> <!-- Suite -->
</testng-results>
