<?xml version="1.0" encoding="UTF-8"?>
<!-- Generated by org.testng.reporters.JUnitXMLReporter -->
<testsuite hostname="selenium-PC" ignored="0" name="Login Test" tests="1" failures="1" timestamp="17 Dec 2018 04:57:26 GMT" time="5.795" errors="0">
  <testcase name="loginTest" time="3.55" classname="com.pol.testcases.LoginTest">
    <failure type="java.lang.AssertionError" message="Login Test  failed">
      <![CDATA[java.lang.AssertionError: Login Test  failed
at com.pol.testcases.LoginTest.loginTest(LoginTest.java:32)
... Removed 26 stack frames]]>
    </failure>
  </testcase> <!-- loginTest -->
</testsuite> <!-- Login Test -->
