<?xml version="1.0" encoding="UTF-8"?>
<!-- Generated by org.testng.reporters.JUnitXMLReporter -->
<testsuite hostname="selenium-PC" ignored="0" name="ValidateCRMTest" tests="2" failures="0" timestamp="17 Jan 2019 13:54:33 GMT" time="67.844" errors="0">
  <testcase name="runScenario" time="41.572" classname="cucumber.api.testng.AbstractTestNGCucumberTests"/>
  <testcase name="runScenario" time="26.045" classname="cucumber.api.testng.AbstractTestNGCucumberTests"/>
</testsuite> <!-- ValidateCRMTest -->
