<?xml version="1.0" encoding="UTF-8"?>
<!-- Generated by org.testng.reporters.JUnitXMLReporter -->
<testsuite hostname="DESKTOP-I2FKUVF" ignored="0" name="AddCustomerTest" tests="2" failures="0" timestamp="26 Oct 2018 19:49:58 GMT" time="0.282" errors="0">
  <testcase name="addCustomerTest" time="0.063" classname="com.dd.suite.customer.testcases.AddCustomerTest"/>
  <testcase name="addCustomerTest" time="0.062" classname="com.dd.suite.customer.testcases.AddCustomerTest"/>
</testsuite> <!-- AddCustomerTest -->
