<?xml version="1.0" encoding="UTF-8"?>
<!-- Generated by org.testng.reporters.JUnitXMLReporter -->
<testsuite hostname="DESKTOP-I2FKUVF" ignored="0" name="OpenAccountTest" tests="3" failures="0" timestamp="22 Oct 2018 06:28:03 GMT" time="0.187" errors="0">
  <testcase name="OpenAccountTest" time="0.0" classname="com.dd.suite.customer.testcases.OpenAccountTest"/>
  <testcase name="OpenAccountTest" time="0.0" classname="com.dd.suite.customer.testcases.OpenAccountTest"/>
  <testcase name="OpenAccountTest" time="0.0" classname="com.dd.suite.customer.testcases.OpenAccountTest"/>
</testsuite> <!-- OpenAccountTest -->
