<?xml version="1.0" encoding="UTF-8"?>
<!-- Generated by org.testng.reporters.JUnitXMLReporter -->
<testsuite hostname="DESKTOP-I2FKUVF" ignored="0" name="OpenAccountTest" tests="3" failures="0" timestamp="26 Oct 2018 19:49:58 GMT" time="0.219" errors="0">
  <testcase name="OpenAccountTest" time="0.031" classname="com.dd.suite.customer.testcases.OpenAccountTest">
    <skipped/>
  </testcase> <!-- OpenAccountTest -->
  <testcase name="OpenAccountTest" time="0.079" classname="com.dd.suite.customer.testcases.OpenAccountTest"/>
  <testcase name="OpenAccountTest" time="0.047" classname="com.dd.suite.customer.testcases.OpenAccountTest"/>
</testsuite> <!-- OpenAccountTest -->
