<?xml version="1.0" encoding="UTF-8"?>
<testng-results skipped="0" failed="0" ignored="0" total="3" passed="3">
  <reporter-output>
  </reporter-output>
  <suite name="Suite" duration-ms="56317" started-at="2019-01-11T12:51:19Z" finished-at="2019-01-11T12:52:16Z">
    <groups>
    </groups>
    <test name="Test2" duration-ms="32665" started-at="2019-01-11T12:51:19Z" finished-at="2019-01-11T12:51:52Z">
      <class name="com.pol.zoho.rough.TestCase2">
        <test-method status="PASS" signature="doLogin(java.lang.String, java.lang.String, java.lang.String)[pri:0, instance:com.pol.zoho.rough.TestCase2@22eeefeb]" name="doLogin" duration-ms="32627" started-at="2019-01-11T12:51:19Z" data-provider="getData" finished-at="2019-01-11T12:51:52Z">
          <params>
            <param index="0">
              <value>
                <![CDATA[seleniumtesterbangalore@gmail.com]]>
              </value>
            </param>
            <param index="1">
              <value>
                <![CDATA[123selenium]]>
              </value>
            </param>
            <param index="2">
              <value>
                <![CDATA[chrome]]>
              </value>
            </param>
          </params>
          <reporter-output>
          </reporter-output>
        </test-method> <!-- doLogin -->
      </class> <!-- com.pol.zoho.rough.TestCase2 -->
    </test> <!-- Test2 -->
    <test name="Test1" duration-ms="56317" started-at="2019-01-11T12:51:19Z" finished-at="2019-01-11T12:52:16Z">
      <class name="com.pol.zoho.rough.TestCase1">
        <test-method status="PASS" signature="doLogin(java.lang.String, java.lang.String, java.lang.String)[pri:0, instance:com.pol.zoho.rough.TestCase1@1b26f7b2]" name="doLogin" duration-ms="56285" started-at="2019-01-11T12:51:19Z" data-provider="getData" finished-at="2019-01-11T12:52:16Z">
          <params>
            <param index="0">
              <value>
                <![CDATA[ramesh@gmail.com]]>
              </value>
            </param>
            <param index="1">
              <value>
                <![CDATA[123sele]]>
              </value>
            </param>
            <param index="2">
              <value>
                <![CDATA[firefox]]>
              </value>
            </param>
          </params>
          <reporter-output>
          </reporter-output>
        </test-method> <!-- doLogin -->
        <test-method status="PASS" signature="doLogin(java.lang.String, java.lang.String, java.lang.String)[pri:0, instance:com.pol.zoho.rough.TestCase1@1b26f7b2]" name="doLogin" duration-ms="32627" started-at="2019-01-11T12:51:19Z" data-provider="getData" finished-at="2019-01-11T12:51:52Z">
          <params>
            <param index="0">
              <value>
                <![CDATA[seleniumtesterbangalore@gmail.com]]>
              </value>
            </param>
            <param index="1">
              <value>
                <![CDATA[123selenium]]>
              </value>
            </param>
            <param index="2">
              <value>
                <![CDATA[chrome]]>
              </value>
            </param>
          </params>
          <reporter-output>
          </reporter-output>
        </test-method> <!-- doLogin -->
      </class> <!-- com.pol.zoho.rough.TestCase1 -->
    </test> <!-- Test1 -->
  </suite> <!-- Suite -->
</testng-results>
