<?xml version="1.0" encoding="UTF-8"?>
<testng-results skipped="0" failed="0" ignored="0" total="4" passed="4">
  <reporter-output>
  </reporter-output>
  <suite name="Suite" duration-ms="53101" started-at="2019-01-17T01:36:25Z" finished-at="2019-01-17T01:37:18Z">
    <groups>
      <group name="cucumber">
        <method signature="AbstractTestNGCucumberTests.runScenario(cucumber.api.testng.PickleEventWrapper, cucumber.api.testng.CucumberFeatureWrapper)[pri:0, instance:com.Jena.cucumber.prallel.google.runners.SearchManyFeature@28ac3dc3]" name="runScenario" class="cucumber.api.testng.AbstractTestNGCucumberTests"/>
        <method signature="AbstractTestNGCucumberTests.runScenario(cucumber.api.testng.PickleEventWrapper, cucumber.api.testng.CucumberFeatureWrapper)[pri:0, instance:com.Jena.cucumber.prallel.google.runners.SearchOutlineFeature@23fe1d71]" name="runScenario" class="cucumber.api.testng.AbstractTestNGCucumberTests"/>
      </group> <!-- cucumber -->
    </groups>
    <test name="Test" duration-ms="53101" started-at="2019-01-17T01:36:25Z" finished-at="2019-01-17T01:37:18Z">
      <class name="com.Jena.cucumber.prallel.google.runners.SearchManyFeature">
        <test-method status="PASS" signature="setUpClass()[pri:0, instance:com.Jena.cucumber.prallel.google.runners.SearchManyFeature@28ac3dc3]" name="setUpClass" is-config="true" duration-ms="133" started-at="2019-01-17T01:36:25Z" finished-at="2019-01-17T01:36:25Z">
          <reporter-output>
          </reporter-output>
        </test-method> <!-- setUpClass -->
        <test-method status="PASS" signature="runScenario(cucumber.api.testng.PickleEventWrapper, cucumber.api.testng.CucumberFeatureWrapper)[pri:0, instance:com.Jena.cucumber.prallel.google.runners.SearchManyFeature@28ac3dc3]" name="runScenario" duration-ms="38381" started-at="2019-01-17T01:36:25Z" description="Runs Cucumber Scenarios" data-provider="scenarios" finished-at="2019-01-17T01:37:04Z">
          <params>
            <param index="0">
              <value>
                <![CDATA["Direct search on google firefox"]]>
              </value>
            </param>
            <param index="1">
              <value>
                <![CDATA["Searching on google"]]>
              </value>
            </param>
          </params>
          <reporter-output>
          </reporter-output>
        </test-method> <!-- runScenario -->
        <test-method status="PASS" signature="runScenario(cucumber.api.testng.PickleEventWrapper, cucumber.api.testng.CucumberFeatureWrapper)[pri:0, instance:com.Jena.cucumber.prallel.google.runners.SearchManyFeature@28ac3dc3]" name="runScenario" duration-ms="14474" started-at="2019-01-17T01:37:04Z" description="Runs Cucumber Scenarios" data-provider="scenarios" finished-at="2019-01-17T01:37:18Z">
          <params>
            <param index="0">
              <value>
                <![CDATA["Direct search on google chrome"]]>
              </value>
            </param>
            <param index="1">
              <value>
                <![CDATA["Searching on google"]]>
              </value>
            </param>
          </params>
          <reporter-output>
          </reporter-output>
        </test-method> <!-- runScenario -->
        <test-method status="PASS" signature="tearDownClass()[pri:0, instance:com.Jena.cucumber.prallel.google.runners.SearchManyFeature@28ac3dc3]" name="tearDownClass" is-config="true" duration-ms="7" started-at="2019-01-17T01:37:18Z" finished-at="2019-01-17T01:37:18Z">
          <reporter-output>
          </reporter-output>
        </test-method> <!-- tearDownClass -->
      </class> <!-- com.Jena.cucumber.prallel.google.runners.SearchManyFeature -->
      <class name="com.Jena.cucumber.prallel.google.runners.SearchOutlineFeature">
        <test-method status="PASS" signature="setUpClass()[pri:0, instance:com.Jena.cucumber.prallel.google.runners.SearchOutlineFeature@23fe1d71]" name="setUpClass" is-config="true" duration-ms="131" started-at="2019-01-17T01:36:25Z" finished-at="2019-01-17T01:36:25Z">
          <reporter-output>
          </reporter-output>
        </test-method> <!-- setUpClass -->
        <test-method status="PASS" signature="runScenario(cucumber.api.testng.PickleEventWrapper, cucumber.api.testng.CucumberFeatureWrapper)[pri:0, instance:com.Jena.cucumber.prallel.google.runners.SearchOutlineFeature@23fe1d71]" name="runScenario" duration-ms="26264" started-at="2019-01-17T01:36:25Z" description="Runs Cucumber Scenarios" data-provider="scenarios" finished-at="2019-01-17T01:36:52Z">
          <params>
            <param index="0">
              <value>
                <![CDATA["Search Google from scenario outline"]]>
              </value>
            </param>
            <param index="1">
              <value>
                <![CDATA["Searching on google using Scenario Outline"]]>
              </value>
            </param>
          </params>
          <reporter-output>
          </reporter-output>
        </test-method> <!-- runScenario -->
        <test-method status="PASS" signature="runScenario(cucumber.api.testng.PickleEventWrapper, cucumber.api.testng.CucumberFeatureWrapper)[pri:0, instance:com.Jena.cucumber.prallel.google.runners.SearchOutlineFeature@23fe1d71]" name="runScenario" duration-ms="17041" started-at="2019-01-17T01:36:52Z" description="Runs Cucumber Scenarios" data-provider="scenarios" finished-at="2019-01-17T01:37:09Z">
          <params>
            <param index="0">
              <value>
                <![CDATA["Search Google from scenario outline"]]>
              </value>
            </param>
            <param index="1">
              <value>
                <![CDATA["Searching on google using Scenario Outline"]]>
              </value>
            </param>
          </params>
          <reporter-output>
          </reporter-output>
        </test-method> <!-- runScenario -->
        <test-method status="PASS" signature="tearDownClass()[pri:0, instance:com.Jena.cucumber.prallel.google.runners.SearchOutlineFeature@23fe1d71]" name="tearDownClass" is-config="true" duration-ms="10" started-at="2019-01-17T01:37:09Z" finished-at="2019-01-17T01:37:09Z">
          <reporter-output>
          </reporter-output>
        </test-method> <!-- tearDownClass -->
      </class> <!-- com.Jena.cucumber.prallel.google.runners.SearchOutlineFeature -->
    </test> <!-- Test -->
  </suite> <!-- Suite -->
</testng-results>
