<?xml version="1.0" encoding="UTF-8"?>
<!-- Generated by org.testng.reporters.JUnitXMLReporter -->
<testsuite hostname="DESKTOP-I2FKUVF" ignored="0" name="Add Customer Test" tests="4" failures="0" timestamp="2018-09-09T19:42:50 IST" time="3.074" errors="0">
  <testcase name="AddCustomer" time="1.775" classname="com.ddf.testcases.AddCustomerTest"/>
  <testcase name="AddCustomer" time="0.473" classname="com.ddf.testcases.AddCustomerTest"/>
  <testcase name="AddCustomer" time="0.001" classname="com.ddf.testcases.AddCustomerTest">
    <skipped/>
  </testcase> <!-- AddCustomer -->
  <testcase name="AddCustomer" time="0.437" classname="com.ddf.testcases.AddCustomerTest"/>
</testsuite> <!-- Add Customer Test -->
