<?xml version="1.0" encoding="UTF-8"?>
<!-- Generated by org.testng.reporters.JUnitXMLReporter -->
<testsuite hostname="DESKTOP-I2FKUVF" ignored="0" name="Bank Manager Test" tests="1" failures="1" timestamp="19 Aug 2018 05:39:14 GMT" time="0.622" errors="0">
  <testcase name="loginAsBankManager" time="0.287" classname="com.ddf.testcases.BankMangerLogin">
    <failure type="java.lang.AssertionError" message="login not found">
      <![CDATA[java.lang.AssertionError: login not found
at org.junit.Assert.fail(Assert.java:88)
at com.ddf.testcases.BankMangerLogin.loginAsBankManager(BankMangerLogin.java:20)
... Removed 28 stack frames]]>
    </failure>
  </testcase> <!-- loginAsBankManager -->
</testsuite> <!-- Bank Manager Test -->
