<?xml version="1.0" encoding="UTF-8"?>
<!-- Generated by org.testng.reporters.JUnitXMLReporter -->
<testsuite hostname="DESKTOP-I2FKUVF" ignored="0" name="AddCustomerTest" tests="2" failures="0" timestamp="22 Oct 2018 06:28:02 GMT" time="0.785" errors="0">
  <testcase name="addCustomerTest" time="0.008" classname="com.dd.suite.bankmanager.testcases.AddCustomerTest"/>
  <testcase name="addCustomerTest" time="0.0" classname="com.dd.suite.bankmanager.testcases.AddCustomerTest"/>
</testsuite> <!-- AddCustomerTest -->
