<?xml version="1.0" encoding="UTF-8"?>
<!-- Generated by org.testng.reporters.JUnitXMLReporter -->
<testsuite hostname="DESKTOP-I2FKUVF" ignored="0" name="AddCustomerTest" tests="2" failures="0" timestamp="26 Oct 2018 19:49:57 GMT" time="0.889" errors="0">
  <testcase name="addCustomerTest" time="0.094" classname="com.dd.suite.bankmanager.testcases.AddCustomerTest"/>
  <testcase name="addCustomerTest" time="0.078" classname="com.dd.suite.bankmanager.testcases.AddCustomerTest"/>
</testsuite> <!-- AddCustomerTest -->
