<?xml version="1.0" encoding="UTF-8"?>
<!-- Generated by org.testng.reporters.JUnitXMLReporter -->
<testsuite hostname="DESKTOP-I2FKUVF" ignored="0" name="OpenAccountTest" tests="3" failures="0" timestamp="26 Oct 2018 19:49:57 GMT" time="0.234" errors="0">
  <testcase name="OpenAccountTest" time="0.062" classname="com.dd.suite.bankmanager.testcases.OpenAccountTest">
    <skipped/>
  </testcase> <!-- OpenAccountTest -->
  <testcase name="OpenAccountTest" time="0.063" classname="com.dd.suite.bankmanager.testcases.OpenAccountTest"/>
  <testcase name="OpenAccountTest" time="0.047" classname="com.dd.suite.bankmanager.testcases.OpenAccountTest"/>
</testsuite> <!-- OpenAccountTest -->
