<?xml version="1.0" encoding="UTF-8"?>
<testsuite name="TestSuite" time="3.806" tests="6" errors="0" skipped="1" failures="0">
  <properties>
[...]
</properties>
  <testcase name="bankMangerLogin" classname="com.ddf.testcases.BankMangerLogin" time="0.807"/>
  <testcase name="AddCustomer" classname="com.ddf.testcases.AddCustomerTest" time="2.237"/>
  <testcase name="AddCustomer" classname="com.ddf.testcases.AddCustomerTest" time="0.542"/>
  <testcase name="AddCustomer" classname="com.ddf.testcases.AddCustomerTest" time="0">
    <skipped/>
  </testcase>
  <testcase name="AddCustomer" classname="com.ddf.testcases.AddCustomerTest" time="0.391"/>
  <testcase name="OpenAccount" classname="com.ddf.testcases.OpenAccountTest" time="0.762"/>
</testsuite>