<?xml version="1.0" encoding="UTF-8"?>
<testng-results skipped="0" failed="0" ignored="0" total="4" passed="4">
  <reporter-output>
    <line>
      <![CDATA[Login sucessfully executed]]>
    </line>
  </reporter-output>
  <suite name="Suite" duration-ms="3798" started-at="2018-08-22T06:05:01Z" finished-at="2018-08-22T06:05:05Z">
    <groups>
    </groups>
    <test name="Bank Manager Test" duration-ms="1329" started-at="2018-08-22T06:05:01Z" finished-at="2018-08-22T06:05:02Z">
      <class name="com.ddf.testcases.BankMangerLogin">
        <test-method status="PASS" signature="bankMangerLogin()[pri:0, instance:com.ddf.testcases.BankMangerLogin@a530d0a]" name="bankMangerLogin" duration-ms="995" started-at="2018-08-22T06:05:01Z" finished-at="2018-08-22T06:05:02Z">
          <reporter-output>
            <line>
              <![CDATA[Login sucessfully executed]]>
            </line>
          </reporter-output>
        </test-method> <!-- bankMangerLogin -->
      </class> <!-- com.ddf.testcases.BankMangerLogin -->
    </test> <!-- Bank Manager Test -->
    <test name="Add Customer Test" duration-ms="1632" started-at="2018-08-22T06:05:02Z" finished-at="2018-08-22T06:05:04Z">
      <class name="com.ddf.testcases.AddCustomerTest">
        <test-method status="PASS" signature="AddCustomer(java.lang.String, java.lang.String, java.lang.String, java.lang.String)[pri:0, instance:com.ddf.testcases.AddCustomerTest@c88a337]" name="AddCustomer" duration-ms="970" started-at="2018-08-22T06:05:02Z" data-provider="dp" finished-at="2018-08-22T06:05:03Z">
          <params>
            <param index="0">
              <value>
                <![CDATA[ram]]>
              </value>
            </param>
            <param index="1">
              <value>
                <![CDATA[dash]]>
              </value>
            </param>
            <param index="2">
              <value>
                <![CDATA[6789.0]]>
              </value>
            </param>
            <param index="3">
              <value>
                <![CDATA[Customer added successfully]]>
              </value>
            </param>
          </params>
          <reporter-output>
          </reporter-output>
        </test-method> <!-- AddCustomer -->
        <test-method status="PASS" signature="AddCustomer(java.lang.String, java.lang.String, java.lang.String, java.lang.String)[pri:0, instance:com.ddf.testcases.AddCustomerTest@c88a337]" name="AddCustomer" duration-ms="473" started-at="2018-08-22T06:05:03Z" data-provider="dp" finished-at="2018-08-22T06:05:04Z">
          <params>
            <param index="0">
              <value>
                <![CDATA[sam]]>
              </value>
            </param>
            <param index="1">
              <value>
                <![CDATA[df]]>
              </value>
            </param>
            <param index="2">
              <value>
                <![CDATA[44554.0]]>
              </value>
            </param>
            <param index="3">
              <value>
                <![CDATA[Customer added successfully]]>
              </value>
            </param>
          </params>
          <reporter-output>
          </reporter-output>
        </test-method> <!-- AddCustomer -->
      </class> <!-- com.ddf.testcases.AddCustomerTest -->
    </test> <!-- Add Customer Test -->
    <test name="Open Account Test" duration-ms="701" started-at="2018-08-22T06:05:04Z" finished-at="2018-08-22T06:05:05Z">
      <class name="com.ddf.testcases.OpenAccountTest">
        <test-method status="PASS" signature="setUp()[pri:0, instance:com.ddf.testcases.OpenAccountTest@5b03b9fe]" name="setUp" is-config="true" duration-ms="9648" started-at="2018-08-22T06:04:51Z" finished-at="2018-08-22T06:05:01Z">
          <reporter-output>
          </reporter-output>
        </test-method> <!-- setUp -->
        <test-method status="PASS" signature="OpenAccount(java.lang.String, java.lang.String)[pri:0, instance:com.ddf.testcases.OpenAccountTest@5b03b9fe]" name="OpenAccount" duration-ms="622" started-at="2018-08-22T06:05:04Z" data-provider="dp" finished-at="2018-08-22T06:05:04Z">
          <params>
            <param index="0">
              <value>
                <![CDATA[ram dash]]>
              </value>
            </param>
            <param index="1">
              <value>
                <![CDATA[Rupee]]>
              </value>
            </param>
          </params>
          <reporter-output>
          </reporter-output>
        </test-method> <!-- OpenAccount -->
        <test-method status="PASS" signature="tearDown()[pri:0, instance:com.ddf.testcases.OpenAccountTest@5b03b9fe]" name="tearDown" is-config="true" duration-ms="1080" started-at="2018-08-22T06:05:05Z" finished-at="2018-08-22T06:05:06Z">
          <reporter-output>
          </reporter-output>
        </test-method> <!-- tearDown -->
      </class> <!-- com.ddf.testcases.OpenAccountTest -->
    </test> <!-- Open Account Test -->
  </suite> <!-- Suite -->
</testng-results>
