<?xml version="1.0" encoding="UTF-8"?>
<testng-results skipped="0" failed="0" ignored="0" total="2" passed="2">
  <reporter-output>
  </reporter-output>
  <suite name="test Suite" duration-ms="52428" started-at="2018-08-25T08:12:13Z" finished-at="2018-08-25T08:13:05Z">
    <groups>
    </groups>
    <test name="TestChrome" duration-ms="45317" started-at="2018-08-25T08:12:13Z" finished-at="2018-08-25T08:12:58Z">
      <class name="Gmail">
        <test-method status="PASS" signature="GmailTest(java.lang.String)[pri:0, instance:Gmail@4b553d26]" name="GmailTest" duration-ms="45290" started-at="2018-08-25T08:12:13Z" finished-at="2018-08-25T08:12:58Z">
          <params>
            <param index="0">
              <value>
                <![CDATA[chrome]]>
              </value>
            </param>
          </params>
          <reporter-output>
          </reporter-output>
        </test-method> <!-- GmailTest -->
      </class> <!-- Gmail -->
    </test> <!-- TestChrome -->
    <test name="TestFirefox" duration-ms="52428" started-at="2018-08-25T08:12:13Z" finished-at="2018-08-25T08:13:05Z">
      <class name="Gmail">
        <test-method status="PASS" signature="GmailTest(java.lang.String)[pri:0, instance:Gmail@4b1c1ea0]" name="GmailTest" duration-ms="52403" started-at="2018-08-25T08:12:13Z" finished-at="2018-08-25T08:13:05Z">
          <params>
            <param index="0">
              <value>
                <![CDATA[firefox]]>
              </value>
            </param>
          </params>
          <reporter-output>
          </reporter-output>
        </test-method> <!-- GmailTest -->
      </class> <!-- Gmail -->
    </test> <!-- TestFirefox -->
  </suite> <!-- test Suite -->
</testng-results>
