<?xml version="1.0" encoding="UTF-8"?>
<!-- Generated by org.testng.reporters.JUnitXMLReporter -->
<testsuite hostname="DESKTOP-I2FKUVF" ignored="2" name="DataDrivenFrameworkTest" tests="3" failures="0" timestamp="04 Aug 2018 19:00:30 GMT" time="1.994" errors="0">
  <testcase name="loginAsBankManager" time="0.234" classname="com.ddf.testcases.BankMangerLogin"/>
  <testcase name="addCustomer" time="1.221" classname="com.ddf.testcases.AddCustomer"/>
  <testcase name="addCustomer" time="0.472" classname="com.ddf.testcases.AddCustomer"/>
  <testcase name="@BeforeSuite setUp" time="0.0" classname="com.ddf.base.TestBase">
    <ignored/>
  </testcase> <!-- @BeforeSuite setUp -->
  <testcase name="@AfterSuite tearDown" time="0.0" classname="com.ddf.base.TestBase">
    <ignored/>
  </testcase> <!-- @AfterSuite tearDown -->
</testsuite> <!-- DataDrivenFrameworkTest -->
