<?xml version="1.0" encoding="UTF-8"?>
<!-- Generated by org.testng.reporters.JUnitXMLReporter -->
<testsuite hostname="DESKTOP-I2FKUVF" ignored="2" name="DataDrivenFrameworkTest" tests="3" failures="2" timestamp="19 Aug 2018 04:17:19 GMT" time="2.574" errors="0">
  <testcase name="loginAsBankManager" time="1.136" classname="com.ddf.testcases.BankMangerLogin"/>
  <testcase name="addCustomer" time="0.792" classname="com.ddf.testcases.AddCustomer">
    <failure type="java.lang.AssertionError" message="customer not added sucessfully">
      <![CDATA[java.lang.AssertionError: customer not added sucessfully
at com.ddf.testcases.AddCustomer.addCustomer(AddCustomer.java:26)
... Removed 26 stack frames]]>
    </failure>
  </testcase> <!-- addCustomer -->
  <testcase name="addCustomer" time="0.54" classname="com.ddf.testcases.AddCustomer">
    <failure type="java.lang.AssertionError" message="customer not added sucessfully">
      <![CDATA[java.lang.AssertionError: customer not added sucessfully
at com.ddf.testcases.AddCustomer.addCustomer(AddCustomer.java:26)
... Removed 26 stack frames]]>
    </failure>
  </testcase> <!-- addCustomer -->
  <testcase name="@BeforeSuite setUp" time="0.0" classname="com.ddf.base.TestBase">
    <ignored/>
  </testcase> <!-- @BeforeSuite setUp -->
  <testcase name="@AfterSuite tearDown" time="0.0" classname="com.ddf.base.TestBase">
    <ignored/>
  </testcase> <!-- @AfterSuite tearDown -->
</testsuite> <!-- DataDrivenFrameworkTest -->
