<?xml version="1.0" encoding="UTF-8"?>
<testng-results skipped="0" failed="0" ignored="0" total="2" passed="2">
  <reporter-output>
  </reporter-output>
  <suite name="test Suite" duration-ms="4303" started-at="2018-08-10T06:05:32Z" finished-at="2018-08-10T06:05:36Z">
    <groups>
    </groups>
    <test name="TestFirefox" duration-ms="2082" started-at="2018-08-10T06:05:32Z" finished-at="2018-08-10T06:05:34Z">
      <class name="ParallelTesting">
        <test-method status="PASS" signature="doLogin(java.lang.String)[pri:0, instance:ParallelTesting@53f65459]" name="doLogin" duration-ms="2036" started-at="2018-08-10T06:05:32Z" finished-at="2018-08-10T06:05:34Z">
          <params>
            <param index="0">
              <value>
                <![CDATA[firefox]]>
              </value>
            </param>
          </params>
          <reporter-output>
          </reporter-output>
        </test-method> <!-- doLogin -->
      </class> <!-- ParallelTesting -->
    </test> <!-- TestFirefox -->
    <test name="TestChrome" duration-ms="2010" started-at="2018-08-10T06:05:34Z" finished-at="2018-08-10T06:05:36Z">
      <class name="ParallelTesting">
        <test-method status="PASS" signature="doLogin(java.lang.String)[pri:0, instance:ParallelTesting@17d677df]" name="doLogin" duration-ms="2003" started-at="2018-08-10T06:05:34Z" finished-at="2018-08-10T06:05:36Z">
          <params>
            <param index="0">
              <value>
                <![CDATA[chrome]]>
              </value>
            </param>
          </params>
          <reporter-output>
          </reporter-output>
        </test-method> <!-- doLogin -->
      </class> <!-- ParallelTesting -->
    </test> <!-- TestChrome -->
  </suite> <!-- test Suite -->
</testng-results>
